VR/Temp/gradleOut/unityLibrary/build/outputs/logs/manifest-merger-release-report.txt
-- Merging decision tree log ---
manifest
ADDED from src\main\AndroidManifest.xml:3:1-34:12
INJECTED from src\main\AndroidManifest.xml:3:1-34:12
INJECTED from src\main\AndroidManifest.xml:3:1-34:12
INJECTED from src\main\AndroidManifest.xml:3:1-34:12
INJECTED from src\main\AndroidManifest.xml:3:1-34:12
INJECTED from src\main\AndroidManifest.xml:3:1-34:12
INJECTED from src\main\AndroidManifest.xml:3:1-34:12
	package
		ADDED from src\main\AndroidManifest.xml:3:70-98
		INJECTED from src\main\AndroidManifest.xml
		INJECTED from src\main\AndroidManifest.xml
	android:versionName
		INJECTED from src\main\AndroidManifest.xml
		ADDED from src\main\AndroidManifest.xml:3:1-34:12
		INJECTED from src\main\AndroidManifest.xml
	xmlns:tools
		ADDED from src\main\AndroidManifest.xml:3:99-145
	android:versionCode
		INJECTED from src\main\AndroidManifest.xml
		ADDED from src\main\AndroidManifest.xml:3:1-34:12
		INJECTED from src\main\AndroidManifest.xml
	xmlns:android
		ADDED from src\main\AndroidManifest.xml:3:11-69
application
ADDED from src\main\AndroidManifest.xml:4:3-24:17
	android:theme
		ADDED from src\main\AndroidManifest.xml:4:16-54
activity#com.unity3d.player.UnityPlayerActivity
ADDED from src\main\AndroidManifest.xml:5:5-16:16
	android:screenOrientation
		ADDED from src\main\AndroidManifest.xml:5:111-149
	android:enableVrMode
		ADDED from src\main\AndroidManifest.xml:5:400-452
	android:launchMode
		ADDED from src\main\AndroidManifest.xml:5:150-181
	android:hardwareAccelerated
		ADDED from src\main\AndroidManifest.xml:5:364-399
	android:resizeableActivity
		ADDED from src\main\AndroidManifest.xml:5:453-487
	android:configChanges
		ADDED from src\main\AndroidManifest.xml:5:182-363
	android:theme
		ADDED from src\main\AndroidManifest.xml:5:69-110
	android:name
		ADDED from src\main\AndroidManifest.xml:5:15-68
intent-filter#action:name:android.intent.action.MAIN+category:name:android.intent.category.LAUNCHER+category:name:com.google.intent.category.CARDBOARD+category:name:com.google.intent.category.DAYDREAM
ADDED from src\main\AndroidManifest.xml:6:7-11:23
action#android.intent.action.MAIN
ADDED from src\main\AndroidManifest.xml:7:9-61
	android:name
		ADDED from src\main\AndroidManifest.xml:7:17-58
category#android.intent.category.LAUNCHER
ADDED from src\main\AndroidManifest.xml:8:9-69
	android:name
		ADDED from src\main\AndroidManifest.xml:8:19-66
category#com.google.intent.category.DAYDREAM
ADDED from src\main\AndroidManifest.xml:9:9-72
	android:name
		ADDED from src\main\AndroidManifest.xml:9:19-69
category#com.google.intent.category.CARDBOARD
ADDED from src\main\AndroidManifest.xml:10:9-73
	android:name
		ADDED from src\main\AndroidManifest.xml:10:19-70
meta-data#unityplayer.UnityActivity
ADDED from src\main\AndroidManifest.xml:12:7-82
	android:value
		ADDED from src\main\AndroidManifest.xml:12:59-79
	android:name
		ADDED from src\main\AndroidManifest.xml:12:18-58
meta-data#com.google.android.vr.icon
ADDED from src\main\AndroidManifest.xml:13:7-105
	android:resource
		ADDED from src\main\AndroidManifest.xml:13:60-102
	android:name
		ADDED from src\main\AndroidManifest.xml:13:18-59
meta-data#com.google.android.vr.icon_background
ADDED from src\main\AndroidManifest.xml:14:7-115
	android:resource
		ADDED from src\main\AndroidManifest.xml:14:71-112
	android:name
		ADDED from src\main\AndroidManifest.xml:14:18-70
meta-data#android.notch_support
ADDED from src\main\AndroidManifest.xml:15:7-78
	android:value
		ADDED from src\main\AndroidManifest.xml:15:55-75
	android:name
		ADDED from src\main\AndroidManifest.xml:15:18-54
meta-data#unityplayer.SkipPermissionsDialog
ADDED from src\main\AndroidManifest.xml:17:5-88
	android:value
		ADDED from src\main\AndroidManifest.xml:17:65-85
	android:name
		ADDED from src\main\AndroidManifest.xml:17:16-64
meta-data#unity.splash-mode
ADDED from src\main\AndroidManifest.xml:18:5-69
	android:value
		ADDED from src\main\AndroidManifest.xml:18:49-66
	android:name
		ADDED from src\main\AndroidManifest.xml:18:16-48
meta-data#unity.splash-enable
ADDED from src\main\AndroidManifest.xml:19:5-75
	android:value
		ADDED from src\main\AndroidManifest.xml:19:51-72
	android:name
		ADDED from src\main\AndroidManifest.xml:19:16-50
meta-data#unity.launch-fullscreen
ADDED from src\main\AndroidManifest.xml:20:5-78
	android:value
		ADDED from src\main\AndroidManifest.xml:20:55-75
	android:name
		ADDED from src\main\AndroidManifest.xml:20:16-54
meta-data#unity.allow-resizable-window
ADDED from src\main\AndroidManifest.xml:21:5-84
	android:value
		ADDED from src\main\AndroidManifest.xml:21:60-81
	android:name
		ADDED from src\main\AndroidManifest.xml:21:16-59
meta-data#notch.config
ADDED from src\main\AndroidManifest.xml:22:5-81
	android:value
		ADDED from src\main\AndroidManifest.xml:22:44-78
	android:name
		ADDED from src\main\AndroidManifest.xml:22:16-43
meta-data#unity.build-id
ADDED from src\main\AndroidManifest.xml:23:5-101
	android:value
		ADDED from src\main\AndroidManifest.xml:23:46-98
	android:name
		ADDED from src\main\AndroidManifest.xml:23:16-45
uses-feature#0x00030000
ADDED from src\main\AndroidManifest.xml:25:3-52
	android:glEsVersion
		ADDED from src\main\AndroidManifest.xml:25:17-49
uses-feature#android.software.home_screen
ADDED from src\main\AndroidManifest.xml:26:3-63
	android:name
		ADDED from src\main\AndroidManifest.xml:26:17-60
uses-feature#android.hardware.vr.headtracking
ADDED from src\main\AndroidManifest.xml:27:3-112
	android:version
		ADDED from src\main\AndroidManifest.xml:27:90-109
	android:required
		ADDED from src\main\AndroidManifest.xml:27:65-89
	android:name
		ADDED from src\main\AndroidManifest.xml:27:17-64
uses-feature#android.software.vr.mode
ADDED from src\main\AndroidManifest.xml:28:3-84
	android:required
		ADDED from src\main\AndroidManifest.xml:28:57-81
	android:name
		ADDED from src\main\AndroidManifest.xml:28:17-56
uses-feature#android.hardware.vr.high_performance
ADDED from src\main\AndroidManifest.xml:29:3-96
	android:required
		ADDED from src\main\AndroidManifest.xml:29:69-93
	android:name
		ADDED from src\main\AndroidManifest.xml:29:17-68
uses-permission#android.permission.READ_EXTERNAL_STORAGE
ADDED from src\main\AndroidManifest.xml:30:3-78
	android:name
		ADDED from src\main\AndroidManifest.xml:30:20-75
uses-feature#android.hardware.touchscreen
ADDED from src\main\AndroidManifest.xml:31:3-88
	android:required
		ADDED from src\main\AndroidManifest.xml:31:61-85
	android:name
		ADDED from src\main\AndroidManifest.xml:31:17-60
uses-feature#android.hardware.touchscreen.multitouch
ADDED from src\main\AndroidManifest.xml:32:3-99
	android:required
		ADDED from src\main\AndroidManifest.xml:32:72-96
	android:name
		ADDED from src\main\AndroidManifest.xml:32:17-71
uses-feature#android.hardware.touchscreen.multitouch.distinct
ADDED from src\main\AndroidManifest.xml:33:3-108
	android:required
		ADDED from src\main\AndroidManifest.xml:33:81-105
	android:name
		ADDED from src\main\AndroidManifest.xml:33:17-80
uses-sdk
INJECTED from src\main\AndroidManifest.xml reason: use-sdk injection requested
INJECTED from src\main\AndroidManifest.xml
INJECTED from src\main\AndroidManifest.xml
INJECTED from src\main\AndroidManifest.xml
INJECTED from src\main\AndroidManifest.xml
	android:targetSdkVersion
		INJECTED from src\main\AndroidManifest.xml
		ADDED from src\main\AndroidManifest.xml
		INJECTED from src\main\AndroidManifest.xml
	android:minSdkVersion
		INJECTED from src\main\AndroidManifest.xml
		ADDED from src\main\AndroidManifest.xml
		INJECTED from src\main\AndroidManifest.xml